/usr/lib/ruby/vendor_ruby/rubygems/defaults/operating_system.rb:10: warning: constant Gem::ConfigMap is deprecated
/usr/lib/ruby/vendor_ruby/rubygems/defaults/operating_system.rb:10: warning: constant Gem::ConfigMap is deprecated
/usr/lib/ruby/vendor_ruby/rubygems/defaults/operating_system.rb:29: warning: constant Gem::ConfigMap is deprecated
/usr/lib/ruby/vendor_ruby/rubygems/defaults/operating_system.rb:30: warning: constant Gem::ConfigMap is deprecated
/usr/lib/ruby/vendor_ruby/rubygems/defaults/operating_system.rb:10: warning: constant Gem::ConfigMap is deprecated
/usr/lib/ruby/vendor_ruby/rubygems/defaults/operating_system.rb:10: warning: constant Gem::ConfigMap is deprecated
/usr/lib/ruby/vendor_ruby/rubygems/defaults/operating_system.rb:10: warning: constant Gem::ConfigMap is deprecated
/usr/lib/ruby/vendor_ruby/rubygems/defaults/operating_system.rb:10: warning: constant Gem::ConfigMap is deprecated
/usr/lib/ruby/vendor_ruby/rubygems/defaults/operating_system.rb:10: warning: constant Gem::ConfigMap is deprecated
/usr/lib/ruby/vendor_ruby/rubygems/defaults/operating_system.rb:10: warning: constant Gem::ConfigMap is deprecated
/usr/lib/ruby/vendor_ruby/rubygems/defaults/operating_system.rb:10: warning: constant Gem::ConfigMap is deprecated
/usr/lib/ruby/vendor_ruby/rubygems/defaults/operating_system.rb:10: warning: constant Gem::ConfigMap is deprecated
/usr/lib/ruby/vendor_ruby/rubygems/defaults/operating_system.rb:10: warning: constant Gem::ConfigMap is deprecated
Configuration file: /home/titan/git/resume-template/_config.yml
            Source: /home/titan/git/resume-template
       Destination: /home/titan/git/resume-template/_site
 Incremental build: disabled. Enable with --incremental
      Generating... 
                    done in 0.043 seconds.
 Auto-regeneration: enabled for '/home/titan/git/resume-template'
LiveReload address: http://127.0.0.1:35729
    Server address: http://127.0.0.1:4000
  Server running... press ctrl-c to stop.
      Regenerating: 1 file(s) changed at 2022-01-04 14:22:03
                    _data/experience.yml
                    ...done in 0.044203842 seconds.
                    
      Regenerating: 1 file(s) changed at 2022-01-04 14:25:12
                    _data/interests.yml
                    ...done in 0.051610324 seconds.
                    
/usr/lib/ruby/vendor_ruby/rubygems/defaults/operating_system.rb:10: warning: constant Gem::ConfigMap is deprecated
/usr/lib/ruby/vendor_ruby/rubygems/defaults/operating_system.rb:10: warning: constant Gem::ConfigMap is deprecated
/usr/lib/ruby/vendor_ruby/rubygems/defaults/operating_system.rb:29: warning: constant Gem::ConfigMap is deprecated
/usr/lib/ruby/vendor_ruby/rubygems/defaults/operating_system.rb:30: warning: constant Gem::ConfigMap is deprecated
/usr/lib/ruby/vendor_ruby/rubygems/defaults/operating_system.rb:10: warning: constant Gem::ConfigMap is deprecated
/usr/lib/ruby/vendor_ruby/rubygems/defaults/operating_system.rb:10: warning: constant Gem::ConfigMap is deprecated
/usr/lib/ruby/vendor_ruby/rubygems/defaults/operating_system.rb:10: warning: constant Gem::ConfigMap is deprecated
/usr/lib/ruby/vendor_ruby/rubygems/defaults/operating_system.rb:10: warning: constant Gem::ConfigMap is deprecated
/usr/lib/ruby/vendor_ruby/rubygems/defaults/operating_system.rb:10: warning: constant Gem::ConfigMap is deprecated
/usr/lib/ruby/vendor_ruby/rubygems/defaults/operating_system.rb:10: warning: constant Gem::ConfigMap is deprecated
/usr/lib/ruby/vendor_ruby/rubygems/defaults/operating_system.rb:10: warning: constant Gem::ConfigMap is deprecated
/usr/lib/ruby/vendor_ruby/rubygems/defaults/operating_system.rb:10: warning: constant Gem::ConfigMap is deprecated
/usr/lib/ruby/vendor_ruby/rubygems/defaults/operating_system.rb:10: warning: constant Gem::ConfigMap is deprecated
Configuration file: /home/titan/git/resume-template/_config.yml
            Source: /home/titan/git/resume-template
       Destination: /home/titan/git/resume-template/_site
 Incremental build: disabled. Enable with --incremental
      Generating... 
                    done in 0.044 seconds.
 Auto-regeneration: enabled for '/home/titan/git/resume-template'
#<Thread:0x000055fbaf258630@/home/titan/git/resume-template/_vendor/bundle/ruby/2.5.0/gems/jekyll-3.8.5/lib/jekyll/commands/serve/live_reload_reactor.rb:41 run> terminated with exception (report_on_exception is true):
/home/titan/git/resume-template/_vendor/bundle/ruby/2.5.0/gems/eventmachine-1.2.7/lib/eventmachine.rb:531:in `start_tcp_server': no acceptor (port is in use or requires root privileges) (RuntimeError)
	from /home/titan/git/resume-template/_vendor/bundle/ruby/2.5.0/gems/eventmachine-1.2.7/lib/eventmachine.rb:531:in `start_server'
	from /home/titan/git/resume-template/_vendor/bundle/ruby/2.5.0/gems/jekyll-3.8.5/lib/jekyll/commands/serve/live_reload_reactor.rb:47:in `block (2 levels) in start'
	from /home/titan/git/resume-template/_vendor/bundle/ruby/2.5.0/gems/eventmachine-1.2.7/lib/eventmachine.rb:195:in `run_machine'
	from /home/titan/git/resume-template/_vendor/bundle/ruby/2.5.0/gems/eventmachine-1.2.7/lib/eventmachine.rb:195:in `run'
	from /home/titan/git/resume-template/_vendor/bundle/ruby/2.5.0/gems/jekyll-3.8.5/lib/jekyll/commands/serve/live_reload_reactor.rb:44:in `block in start'
jekyll 3.8.5 | Error:  no acceptor (port is in use or requires root privileges)
      Regenerating: 1 file(s) changed at 2022-01-04 14:35:07
                    nohup.out
                    ...done in 0.037329258 seconds.
                    
/usr/lib/ruby/vendor_ruby/rubygems/defaults/operating_system.rb:10: warning: constant Gem::ConfigMap is deprecated
/usr/lib/ruby/vendor_ruby/rubygems/defaults/operating_system.rb:10: warning: constant Gem::ConfigMap is deprecated
/usr/lib/ruby/vendor_ruby/rubygems/defaults/operating_system.rb:29: warning: constant Gem::ConfigMap is deprecated
/usr/lib/ruby/vendor_ruby/rubygems/defaults/operating_system.rb:30: warning: constant Gem::ConfigMap is deprecated
/usr/lib/ruby/vendor_ruby/rubygems/defaults/operating_system.rb:10: warning: constant Gem::ConfigMap is deprecated
/usr/lib/ruby/vendor_ruby/rubygems/defaults/operating_system.rb:10: warning: constant Gem::ConfigMap is deprecated
/usr/lib/ruby/vendor_ruby/rubygems/defaults/operating_system.rb:10: warning: constant Gem::ConfigMap is deprecated
/usr/lib/ruby/vendor_ruby/rubygems/defaults/operating_system.rb:10: warning: constant Gem::ConfigMap is deprecated
/usr/lib/ruby/vendor_ruby/rubygems/defaults/operating_system.rb:10: warning: constant Gem::ConfigMap is deprecated
/usr/lib/ruby/vendor_ruby/rubygems/defaults/operating_system.rb:10: warning: constant Gem::ConfigMap is deprecated
/usr/lib/ruby/vendor_ruby/rubygems/defaults/operating_system.rb:10: warning: constant Gem::ConfigMap is deprecated
/usr/lib/ruby/vendor_ruby/rubygems/defaults/operating_system.rb:10: warning: constant Gem::ConfigMap is deprecated
/usr/lib/ruby/vendor_ruby/rubygems/defaults/operating_system.rb:10: warning: constant Gem::ConfigMap is deprecated
Configuration file: /home/titan/git/resume-template/_config.yml
            Source: /home/titan/git/resume-template
       Destination: /home/titan/git/resume-template/_site
 Incremental build: disabled. Enable with --incremental
      Generating... 
                    done in 0.043 seconds.
 Auto-regeneration: enabled for '/home/titan/git/resume-template'
    Server address: http://127.0.0.1:4000
LiveReload address: http://127.0.0.1:35729
  Server running... press ctrl-c to stop.
/usr/lib/ruby/vendor_ruby/rubygems/defaults/operating_system.rb:10: warning: constant Gem::ConfigMap is deprecated
/usr/lib/ruby/vendor_ruby/rubygems/defaults/operating_system.rb:10: warning: constant Gem::ConfigMap is deprecated
/usr/lib/ruby/vendor_ruby/rubygems/defaults/operating_system.rb:29: warning: constant Gem::ConfigMap is deprecated
/usr/lib/ruby/vendor_ruby/rubygems/defaults/operating_system.rb:30: warning: constant Gem::ConfigMap is deprecated
/usr/lib/ruby/vendor_ruby/rubygems/defaults/operating_system.rb:10: warning: constant Gem::ConfigMap is deprecated
/usr/lib/ruby/vendor_ruby/rubygems/defaults/operating_system.rb:10: warning: constant Gem::ConfigMap is deprecated
/usr/lib/ruby/vendor_ruby/rubygems/defaults/operating_system.rb:10: warning: constant Gem::ConfigMap is deprecated
/usr/lib/ruby/vendor_ruby/rubygems/defaults/operating_system.rb:10: warning: constant Gem::ConfigMap is deprecated
/usr/lib/ruby/vendor_ruby/rubygems/defaults/operating_system.rb:10: warning: constant Gem::ConfigMap is deprecated
/usr/lib/ruby/vendor_ruby/rubygems/defaults/operating_system.rb:10: warning: constant Gem::ConfigMap is deprecated
/usr/lib/ruby/vendor_ruby/rubygems/defaults/operating_system.rb:10: warning: constant Gem::ConfigMap is deprecated
/usr/lib/ruby/vendor_ruby/rubygems/defaults/operating_system.rb:10: warning: constant Gem::ConfigMap is deprecated
/usr/lib/ruby/vendor_ruby/rubygems/defaults/operating_system.rb:10: warning: constant Gem::ConfigMap is deprecated
Configuration file: /home/titan/git/resume-template/_config.yml
            Source: /home/titan/git/resume-template
       Destination: /home/titan/git/resume-template/_site
 Incremental build: disabled. Enable with --incremental
      Generating... 
                    done in 0.043 seconds.
 Auto-regeneration: enabled for '/home/titan/git/resume-template'
LiveReload address: http://127.0.0.1:35729
    Server address: http://127.0.0.1:4000
  Server running... press ctrl-c to stop.
[2022-01-04 16:46:28] ERROR `/test3' not found.
[2022-01-04 16:53:02] ERROR `/robots.txt' not found.
[2022-01-06 06:43:16] ERROR `/owa/auth/logon.aspx' not found.
/usr/lib/ruby/vendor_ruby/rubygems/defaults/operating_system.rb:10: warning: constant Gem::ConfigMap is deprecated
/usr/lib/ruby/vendor_ruby/rubygems/defaults/operating_system.rb:10: warning: constant Gem::ConfigMap is deprecated
/usr/lib/ruby/vendor_ruby/rubygems/defaults/operating_system.rb:29: warning: constant Gem::ConfigMap is deprecated
/usr/lib/ruby/vendor_ruby/rubygems/defaults/operating_system.rb:30: warning: constant Gem::ConfigMap is deprecated
/usr/lib/ruby/vendor_ruby/rubygems/defaults/operating_system.rb:10: warning: constant Gem::ConfigMap is deprecated
/usr/lib/ruby/vendor_ruby/rubygems/defaults/operating_system.rb:10: warning: constant Gem::ConfigMap is deprecated
/usr/lib/ruby/vendor_ruby/rubygems/defaults/operating_system.rb:10: warning: constant Gem::ConfigMap is deprecated
/usr/lib/ruby/vendor_ruby/rubygems/defaults/operating_system.rb:10: warning: constant Gem::ConfigMap is deprecated
/usr/lib/ruby/vendor_ruby/rubygems/defaults/operating_system.rb:10: warning: constant Gem::ConfigMap is deprecated
/usr/lib/ruby/vendor_ruby/rubygems/defaults/operating_system.rb:10: warning: constant Gem::ConfigMap is deprecated
/usr/lib/ruby/vendor_ruby/rubygems/defaults/operating_system.rb:10: warning: constant Gem::ConfigMap is deprecated
/usr/lib/ruby/vendor_ruby/rubygems/defaults/operating_system.rb:10: warning: constant Gem::ConfigMap is deprecated
/usr/lib/ruby/vendor_ruby/rubygems/defaults/operating_system.rb:10: warning: constant Gem::ConfigMap is deprecated
Configuration file: /home/titan/git/resume-template/_config.yml
            Source: /home/titan/git/resume-template
       Destination: /home/titan/git/resume-template/_site
 Incremental build: disabled. Enable with --incremental
      Generating... 
                    done in 0.058 seconds.
 Auto-regeneration: enabled for '/home/titan/git/resume-template'
LiveReload address: http://127.0.0.1:35729
    Server address: http://127.0.0.1:4000
  Server running... press ctrl-c to stop.
Configuration file: /home/titan/git/resume-template/_config.yml
            Source: /home/titan/git/resume-template
       Destination: /home/titan/git/resume-template/_site
 Incremental build: disabled. Enable with --incremental
      Generating... 
                    done in 0.055 seconds.
 Auto-regeneration: enabled for '/home/titan/git/resume-template'
LiveReload address: http://127.0.0.1:35729
    Server address: http://127.0.0.1:4000
  Server running... press ctrl-c to stop.
[2022-01-06 15:48:14] ERROR `/test' not found.
[2022-01-07 12:48:26] ERROR `/voila' not found.
[2022-01-07 12:48:50] ERROR `/lab' not found.
[2022-01-07 12:52:33] ERROR `/voila' not found.
[2022-01-07 13:16:56] ERROR `/cv.css' not found.
[2022-01-07 13:16:56] ERROR `/assets/images/36710_103205083064351_100001245791762_17369_4978782_n.jpg' not found.
[2022-01-07 13:16:56] ERROR `/markdeep.min.js' not found.
[2022-01-07 13:16:58] ERROR `/cv.css' not found.
[2022-01-07 13:16:58] ERROR `/assets/images/36710_103205083064351_100001245791762_17369_4978782_n.jpg' not found.
[2022-01-12 00:18:40] ERROR `/robots.txt' not found.
[2022-01-13 12:47:49] ERROR `/favicon.ico' not found.
[2022-01-13 12:47:52] ERROR unsupported method `POST'.
[2022-01-13 21:56:56] ERROR `/NONEXISTANTURL' not found.
[2022-01-13 21:57:21] ERROR `/:35729/livereload.js' not found.
[2022-01-13 21:57:21] ERROR `/:35729/livereload.js' not found.
[2022-01-13 21:57:21] ERROR `/:35729/livereload.js' not found.
[2022-01-13 21:57:22] ERROR `/:35729/livereload.js' not found.
[2022-01-13 21:57:22] ERROR `/:35729/livereload.js' not found.
[2022-01-13 21:57:22] ERROR `/:35729/livereload.js' not found.
[2022-01-13 21:57:22] ERROR `/:35729/livereload.js' not found.
[2022-01-13 21:57:22] ERROR `/:35729/livereload.js' not found.
[2022-01-13 21:57:22] ERROR `/:35729/livereload.js' not found.
[2022-01-13 21:57:22] ERROR `/:35729/livereload.js' not found.
[2022-01-13 21:57:23] ERROR `/:35729/livereload.js' not found.
[2022-01-13 21:57:23] ERROR `/:35729/livereload.js' not found.
[2022-01-13 21:57:34] ERROR `/+CSCOE+/sjdhaskjdhasdasdas.png' not found.
[2022-01-13 21:57:35] ERROR `/+CSCOE+/logon.html' not found.
[2022-01-13 21:57:36] ERROR `/+CSCOE+/logon.html' not found.
[2022-01-13 21:57:36] ERROR `/+CSCOE+/sjdhaskjdhasdasdas.png' not found.
[2022-01-13 21:57:37] ERROR `/sjdhaskjdhasdasdas.png' not found.
[2022-01-13 21:57:37] ERROR `/+CSCOE+/logon.html' not found.
[2022-01-13 21:57:37] ERROR `/+CSCOE+/sjdhaskjdhasdasdas.png' not found.
[2022-01-13 21:57:37] ERROR `/remote/login/' not found.
[2022-01-13 21:57:38] ERROR `/+CSCOE+/logon.html' not found.
[2022-01-13 21:57:38] ERROR `/+CSCOE+/logon.html' not found.
[2022-01-13 21:57:38] ERROR `/remote/login' not found.
[2022-01-13 21:57:38] ERROR `/sjdhaskjdhasdasdas.png' not found.
[2022-01-13 21:57:39] ERROR `/+CSCOE+/sjdhaskjdhasdasdas.png' not found.
[2022-01-13 21:57:39] ERROR `/+CSCOE+/logon.html' not found.
[2022-01-13 21:57:39] ERROR `/remote/login' not found.
[2022-01-13 21:57:39] ERROR `/remote/login/' not found.
[2022-01-13 21:57:39] ERROR `/+CSCOE+/logon.html' not found.
[2022-01-13 21:57:39] ERROR `/+CSCOE+/sjdhaskjdhasdasdas.png' not found.
[2022-01-13 21:57:40] ERROR `/sjdhaskjdhasdasdas.png' not found.
[2022-01-13 21:57:40] ERROR `/solr/' not found.
[2022-01-13 21:57:40] ERROR `/remote/login' not found.
[2022-01-13 21:57:40] ERROR `/+CSCOE+/sjdhaskjdhasdasdas.png' not found.
[2022-01-13 21:57:40] ERROR `/+CSCOE+/logon.html' not found.
[2022-01-13 21:57:40] ERROR `/+CSCOE+/logon.html' not found.
[2022-01-13 21:57:41] ERROR `/remote/login/' not found.
[2022-01-13 21:57:41] ERROR `/images/logos/1/casdasdasdasdasdasd8as9d7as8d79a8sd7asdart.png' not found.
[2022-01-13 21:57:41] ERROR `/remote/login' not found.
[2022-01-13 21:57:41] ERROR `/+CSCOE+/logon.html' not found.
[2022-01-13 21:57:41] ERROR `/sjdhaskjdhasdasdas.png' not found.
[2022-01-13 21:57:41] ERROR `/+CSCOE+/logon.html' not found.
[2022-01-13 21:57:41] ERROR `/remote/login' not found.
[2022-01-13 21:57:41] ERROR `/design/backend/media/images/cart_lo2131dasdasdkljflkjecrneorviwrrxoerigo.png' not found.
[2022-01-13 21:57:42] ERROR `/solr/' not found.
[2022-01-13 21:57:42] ERROR `/+CSCOE+/logon.html' not found.
[2022-01-13 21:57:42] ERROR `/remote/login/' not found.
[2022-01-13 21:57:42] ERROR `/sjdhaskjdhasdasdas.png' not found.
[2022-01-13 21:57:42] ERROR `/remote/login' not found.
[2022-01-13 21:57:42] ERROR `/en/welcomeRes.js' not found.
[2022-01-13 21:57:42] ERROR `/images/logos/1/casdasdasdasdasdasd8as9d7as8d79a8sd7asdart.png' not found.
[2022-01-13 21:57:42] ERROR `/sjdhaskjdhasdasdas.png' not found.
[2022-01-13 21:57:43] ERROR `/remote/login' not found.
[2022-01-13 21:57:43] ERROR `/remote/login/' not found.
[2022-01-13 21:57:43] ERROR `/solr/' not found.
[2022-01-13 21:57:43] ERROR `/images/logos/1/casdasdasdasdasdasd8as9d7as8d79a8sd7asdart.png' not found.
[2022-01-13 21:57:43] ERROR `/design/backend/media/images/cart_lo2131dasdasdkljflkjecrneorviwrrxoerigo.png' not found.
[2022-01-13 21:57:43] ERROR `/remote/login/' not found.
[2022-01-13 21:57:43] ERROR `/remote/login' not found.
[2022-01-13 21:57:44] ERROR `/remote/login' not found.
[2022-01-13 21:57:44] ERROR `/images/logos/1/casdasdasdasdasdasd8as9d7as8d79a8sd7asdart.png' not found.
[2022-01-13 21:57:44] ERROR `/design/backend/media/images/cart_lo2131dasdasdkljflkjecrneorviwrrxoerigo.png' not found.
[2022-01-13 21:57:44] ERROR `/en/welcomeRes.js' not found.
[2022-01-13 21:57:44] ERROR `/remote/login' not found.
[2022-01-13 21:57:44] ERROR `/remote/login' not found.
[2022-01-13 21:57:44] ERROR `/solr/' not found.
[2022-01-13 21:57:45] ERROR `/design/backend/media/images/cart_lo2131dasdasdkljflkjecrneorviwrrxoerigo.png' not found.
[2022-01-13 21:57:45] ERROR `/images/logos/1/casdasdasdasdasdasd8as9d7as8d79a8sd7asdart.png' not found.
[2022-01-13 21:57:45] ERROR `/remote/login' not found.
[2022-01-13 21:57:45] ERROR `/solr/' not found.
[2022-01-13 21:57:45] ERROR `/images/logos/1/casdasdasdasdasdasd8as9d7as8d79a8sd7asdart.png' not found.
[2022-01-13 21:57:45] ERROR `/en/welcomeRes.js' not found.
[2022-01-13 21:57:46] ERROR `/solr/' not found.
[2022-01-13 21:57:46] ERROR `/design/backend/media/images/cart_lo2131dasdasdkljflkjecrneorviwrrxoerigo.png' not found.
[2022-01-13 21:57:46] ERROR `/images/logos/1/casdasdasdasdasdasd8as9d7as8d79a8sd7asdart.png' not found.
[2022-01-13 21:57:46] ERROR `/design/backend/media/images/cart_lo2131dasdasdkljflkjecrneorviwrrxoerigo.png' not found.
[2022-01-13 21:57:46] ERROR `/images/logos/1/casdasdasdasdasdasd8as9d7as8d79a8sd7asdart.png' not found.
[2022-01-13 21:57:46] ERROR `/images/logos/1/casdasdasdasdasdasd8as9d7as8d79a8sd7asdart.png' not found.
[2022-01-13 21:57:47] ERROR `/design/backend/media/images/cart_lo2131dasdasdkljflkjecrneorviwrrxoerigo.png' not found.
[2022-01-13 21:57:47] ERROR `/en/welcomeRes.js' not found.
[2022-01-13 21:57:47] ERROR `/design/backend/media/images/cart_lo2131dasdasdkljflkjecrneorviwrrxoerigo.png' not found.
[2022-01-13 21:57:47] ERROR `/design/backend/media/images/cart_lo2131dasdasdkljflkjecrneorviwrrxoerigo.png' not found.
[2022-01-13 21:57:47] ERROR `/en/welcomeRes.js' not found.
[2022-01-13 21:57:48] ERROR `/images/logos/1/casdasdasdasdasdasd8as9d7as8d79a8sd7asdart.png' not found.
[2022-01-13 21:57:48] ERROR `/en/welcomeRes.js' not found.
[2022-01-13 21:57:48] ERROR `/images/logos/1/casdasdasdasdasdasd8as9d7as8d79a8sd7asdart.png' not found.
[2022-01-13 21:57:48] ERROR `/design/backend/media/images/cart_lo2131dasdasdkljflkjecrneorviwrrxoerigo.png' not found.
[2022-01-13 21:57:49] ERROR `/images/logos/1/casdasdasdasdasdasd8as9d7as8d79a8sd7asdart.png' not found.
[2022-01-13 21:57:49] ERROR `/design/backend/media/images/cart_lo2131dasdasdkljflkjecrneorviwrrxoerigo.png' not found.
[2022-01-13 21:57:50] ERROR `/design/backend/media/images/cart_lo2131dasdasdkljflkjecrneorviwrrxoerigo.png' not found.
[2022-01-13 21:59:47] ERROR `/clientaccesspolicy.xml' not found.
[2022-01-13 21:59:47] ERROR `/crossdomain.xml' not found.
[2022-01-13 21:59:47] ERROR `/robots.txt' not found.
[2022-01-13 21:59:50] ERROR unsupported method `TRACK'.
[2022-01-13 21:59:51] ERROR `/robots.txt' not found.
[2022-01-13 22:53:55] ERROR `/system_api.php' not found.
[2022-01-13 22:53:56] ERROR `/c/version.js' not found.
[2022-01-13 22:53:57] ERROR `/streaming/clients_live.php' not found.
[2022-01-13 22:53:58] ERROR `/stalker_portal/c/version.js' not found.
[2022-01-13 22:53:59] ERROR `/stream/live.php' not found.
[2022-01-13 22:54:00] ERROR `/flu/403.html' not found.
[2022-01-14 00:11:04] ERROR `/favicon.ico' not found.
Configuration file: /home/titan/git/resume-template/_config.yml
            Source: /home/titan/git/resume-template
       Destination: /home/titan/git/resume-template/_site
 Incremental build: disabled. Enable with --incremental
      Generating... 
/home/titan/git/resume-template/_vendor/bundle/ruby/2.7.0/gems/jekyll-3.8.5/lib/jekyll/convertible.rb:41: warning: Using the last argument as keyword parameters is deprecated
/home/titan/git/resume-template/_vendor/bundle/ruby/2.7.0/gems/jekyll-3.8.5/lib/jekyll/convertible.rb:41: warning: Using the last argument as keyword parameters is deprecated
/home/titan/git/resume-template/_vendor/bundle/ruby/2.7.0/gems/jekyll-3.8.5/lib/jekyll/convertible.rb:41: warning: Using the last argument as keyword parameters is deprecated
/home/titan/git/resume-template/_vendor/bundle/ruby/2.7.0/gems/jekyll-3.8.5/lib/jekyll/tags/include.rb:194: warning: Using the last argument as keyword parameters is deprecated
/home/titan/git/resume-template/_vendor/bundle/ruby/2.7.0/gems/jekyll-3.8.5/lib/jekyll/tags/include.rb:194: warning: Using the last argument as keyword parameters is deprecated
/home/titan/git/resume-template/_vendor/bundle/ruby/2.7.0/gems/jekyll-3.8.5/lib/jekyll/tags/include.rb:194: warning: Using the last argument as keyword parameters is deprecated
/home/titan/git/resume-template/_vendor/bundle/ruby/2.7.0/gems/jekyll-3.8.5/lib/jekyll/tags/include.rb:194: warning: Using the last argument as keyword parameters is deprecated
/home/titan/git/resume-template/_vendor/bundle/ruby/2.7.0/gems/jekyll-3.8.5/lib/jekyll/tags/include.rb:194: warning: Using the last argument as keyword parameters is deprecated
/home/titan/git/resume-template/_vendor/bundle/ruby/2.7.0/gems/jekyll-3.8.5/lib/jekyll/tags/include.rb:194: warning: Using the last argument as keyword parameters is deprecated
                    done in 0.054 seconds.
/home/titan/git/resume-template/_vendor/bundle/ruby/2.7.0/gems/pathutil-0.16.2/lib/pathutil.rb:502: warning: Using the last argument as keyword parameters is deprecated
 Auto-regeneration: enabled for '/home/titan/git/resume-template'
LiveReload address: http://127.0.0.1:35729
    Server address: http://127.0.0.1:4000
  Server running... press ctrl-c to stop.
[2022-01-16 15:45:13] ERROR `/.env' not found.
[2022-01-16 15:45:15] ERROR unsupported method `POST'.
[2022-01-17 07:36:40] ERROR `/.env' not found.
[2022-01-17 07:36:41] ERROR unsupported method `POST'.
[2022-01-17 07:43:22] ERROR `/favicon.ico' not found.
[2022-01-17 11:02:41] ERROR `/.env' not found.
[2022-01-17 11:02:56] ERROR unsupported method `POST'.
[2022-01-17 14:28:49] ERROR `/favicon.ico' not found.
[2022-01-18 03:30:57] ERROR `/favicon.ico' not found.
[2022-01-18 21:47:40] ERROR `/Autodiscover/Autodiscover.xml' not found.
[2022-01-19 11:13:40] ERROR `/robots.txt' not found.
[2022-01-19 14:27:21] ERROR `/.env' not found.
[2022-01-19 14:27:25] ERROR unsupported method `POST'.
[2022-01-20 03:38:48] ERROR `/dns-query' not found.
[2022-01-20 03:38:50] ERROR `/dns-query' not found.
[2022-01-21 00:10:29] ERROR `/favicon.ico' not found.
[2022-01-22 15:16:05] ERROR `/owa/auth/logon.aspx' not found.
[2022-01-24 08:33:45] ERROR `/_ignition/execute-solution' not found.
[2022-01-24 08:33:46] ERROR `/script' not found.
[2022-01-24 08:33:46] ERROR `/login' not found.
[2022-01-24 08:33:46] ERROR `/jenkins/login' not found.
[2022-01-24 08:33:47] ERROR `/manager/html' not found.
[2022-01-24 08:33:47] ERROR `/wp-login.php' not found.
[2022-01-24 08:33:48] ERROR `/users/sign_in' not found.
[2022-01-24 22:39:53] ERROR `/favicon.ico' not found.
[2022-01-25 17:35:55] ERROR `/robots.txt' not found.
[2022-01-25 20:22:57] ERROR bad URI `/?q=%pandich%&va=b&t=hc&ia=web'.
[2022-01-25 21:35:59] ERROR `/remote/fgt_lang' not found.
[2022-01-26 11:07:37] ERROR `/favicon.ico' not found.
[2022-01-27 07:52:00] ERROR `/admin/config.php' not found.
[2022-01-27 17:29:41] ERROR `/wp-includes/js/jquery/jquery.js' not found.
[2022-01-27 17:29:42] ERROR `/administrator/help/en-GB/toc.json' not found.
[2022-01-27 17:29:44] ERROR `/administrator/language/en-GB/install.xml' not found.
[2022-01-27 17:29:46] ERROR `/plugins/system/debug/debug.xml' not found.
[2022-01-27 17:29:47] ERROR `/administrator/' not found.
[2022-01-27 17:29:49] ERROR `/misc/ajax.js' not found.
[2022-01-27 17:29:52] ERROR `/admin/view/javascript/common.js' not found.
[2022-01-27 17:29:54] ERROR `/admin/includes/general.js' not found.
[2022-01-27 17:29:56] ERROR `/images/editor/separator.gif' not found.
[2022-01-27 17:29:57] ERROR `/js/header-rollup-554.js' not found.
[2022-01-27 17:29:59] ERROR `/vendor/phpunit/phpunit/build.xml' not found.
[2022-01-27 17:30:01] ERROR `/.env' not found.
[2022-01-28 03:15:20] ERROR `/system_api.php' not found.
[2022-01-28 03:15:23] ERROR `/c/version.js' not found.
[2022-01-28 03:15:25] ERROR `/streaming/clients_live.php' not found.
[2022-01-28 03:15:27] ERROR `/stalker_portal/c/version.js' not found.
[2022-01-28 03:15:30] ERROR `/stream/live.php' not found.
[2022-01-28 03:15:32] ERROR `/flu/403.html' not found.
[2022-01-30 08:55:04] ERROR `/dns-query' not found.
[2022-01-30 23:45:00] ERROR `/dns-query' not found.
[2022-01-30 23:45:12] ERROR `/dns-query' not found.
[2022-01-31 00:22:12] ERROR `/vendor/.env' not found.
[2022-01-31 16:23:26] ERROR `/vendor/.env' not found.
[2022-01-31 23:15:48] ERROR bad URI `/?q=%mermithization%&va=b&t=hc&ia=web'.
[2022-02-01 11:01:22] ERROR `/epa/scripts/win/nsepa_setup.exe' not found.
[2022-02-01 14:13:26] ERROR `/owa/auth/logon.aspx' not found.
[2022-02-01 22:12:59] ERROR `/assets/js/quickblox/config.js' not found.
[2022-02-02 20:53:38] ERROR `/robots.txt' not found.
[2022-02-02 21:55:12] ERROR `/dns-query' not found.
[2022-02-02 21:55:13] ERROR `/dns-query' not found.
[2022-02-03 09:07:47] ERROR `/robots.txt' not found.
[2022-02-04 04:55:56] ERROR `/system_api.php' not found.
[2022-02-04 04:55:57] ERROR `/c/version.js' not found.
[2022-02-04 04:55:58] ERROR `/streaming/clients_live.php' not found.
[2022-02-04 04:55:59] ERROR `/stalker_portal/c/version.js' not found.
[2022-02-04 04:56:00] ERROR `/stream/live.php' not found.
[2022-02-04 04:56:01] ERROR `/flu/403.html' not found.
[2022-02-07 09:27:17] ERROR `/ https:/www.linkedin.com/in/sjlee-korea/' not found.
[2022-02-07 09:27:18] ERROR `/favicon.ico' not found.
[2022-02-08 17:32:58] ERROR bad URI `/?q=%homomorphism%&va=b&t=hc&ia=web'.
Configuration file: /home/titan/git/resume-template/_config.yml
            Source: /home/titan/git/resume-template
       Destination: /home/titan/git/resume-template/_site
 Incremental build: disabled. Enable with --incremental
      Generating... 
/home/titan/git/resume-template/_vendor/bundle/ruby/2.7.0/gems/jekyll-3.8.5/lib/jekyll/convertible.rb:41: warning: Using the last argument as keyword parameters is deprecated
/home/titan/git/resume-template/_vendor/bundle/ruby/2.7.0/gems/jekyll-3.8.5/lib/jekyll/convertible.rb:41: warning: Using the last argument as keyword parameters is deprecated
/home/titan/git/resume-template/_vendor/bundle/ruby/2.7.0/gems/jekyll-3.8.5/lib/jekyll/convertible.rb:41: warning: Using the last argument as keyword parameters is deprecated
/home/titan/git/resume-template/_vendor/bundle/ruby/2.7.0/gems/jekyll-3.8.5/lib/jekyll/tags/include.rb:194: warning: Using the last argument as keyword parameters is deprecated
/home/titan/git/resume-template/_vendor/bundle/ruby/2.7.0/gems/jekyll-3.8.5/lib/jekyll/tags/include.rb:194: warning: Using the last argument as keyword parameters is deprecated
/home/titan/git/resume-template/_vendor/bundle/ruby/2.7.0/gems/jekyll-3.8.5/lib/jekyll/tags/include.rb:194: warning: Using the last argument as keyword parameters is deprecated
/home/titan/git/resume-template/_vendor/bundle/ruby/2.7.0/gems/jekyll-3.8.5/lib/jekyll/tags/include.rb:194: warning: Using the last argument as keyword parameters is deprecated
/home/titan/git/resume-template/_vendor/bundle/ruby/2.7.0/gems/jekyll-3.8.5/lib/jekyll/tags/include.rb:194: warning: Using the last argument as keyword parameters is deprecated
/home/titan/git/resume-template/_vendor/bundle/ruby/2.7.0/gems/jekyll-3.8.5/lib/jekyll/tags/include.rb:194: warning: Using the last argument as keyword parameters is deprecated
                    done in 0.057 seconds.
/home/titan/git/resume-template/_vendor/bundle/ruby/2.7.0/gems/pathutil-0.16.2/lib/pathutil.rb:502: warning: Using the last argument as keyword parameters is deprecated
 Auto-regeneration: enabled for '/home/titan/git/resume-template'
LiveReload address: http://127.0.0.1:35729
    Server address: http://127.0.0.1:4000
  Server running... press ctrl-c to stop.
[2022-02-10 13:51:00] ERROR `/sdk' not found.
[2022-02-11 03:24:55] ERROR `/robots.txt' not found.
[2022-02-11 10:38:00] ERROR `/.git/config' not found.
[2022-02-12 08:23:48] ERROR `/remote/fgt_lang' not found.
[2022-02-12 09:51:39] ERROR `/robots.txt' not found.
[2022-02-13 08:29:33] ERROR `/robots.txt' not found.
[2022-02-13 08:30:48] ERROR `/favicon.ico' not found.
[2022-02-13 10:46:32] ERROR `/favicon.ico' not found.
[2022-02-13 12:37:57] ERROR `/cgi-bin/mainfunction.cgi' not found.
[2022-02-13 16:31:32] ERROR `/remote/fgt_lang' not found.
[2022-02-14 08:49:03] ERROR `/.env' not found.
[2022-02-14 08:49:04] ERROR `/wp-content/' not found.
[2022-02-15 20:29:32] ERROR `/dns-query' not found.
[2022-02-15 20:29:32] ERROR `/dns-query' not found.
[2022-02-15 23:43:58] ERROR bad URI `/?scopeName=All&q=%monotones%'.
[2022-02-16 12:00:20] ERROR `/robots.txt' not found.
[2022-02-16 12:01:07] ERROR `/favicon.ico' not found.
[2022-02-16 12:17:22] ERROR `/robots.txt' not found.
[2022-02-17 03:34:32] ERROR `/favicon.ico' not found.
[2022-02-17 11:20:13] ERROR `/.ftpconfig' not found.
[2022-02-17 23:42:48] ERROR `/remote/fgt_lang' not found.
[2022-02-18 03:55:39] ERROR `/admin/' not found.
[2022-02-18 04:21:06] ERROR `/system_api.php' not found.
[2022-02-18 04:21:07] ERROR `/c/version.js' not found.
[2022-02-18 04:21:08] ERROR `/streaming/clients_live.php' not found.
[2022-02-18 04:21:09] ERROR `/stalker_portal/c/version.js' not found.
[2022-02-18 04:21:09] ERROR `/stream/live.php' not found.
[2022-02-18 04:21:10] ERROR `/flu/403.html' not found.
[2022-02-19 09:40:46] ERROR `/remote/fgt_lang' not found.
[2022-02-20 11:29:18] ERROR `/remote/fgt_lang' not found.
[2022-02-21 03:27:11] ERROR `/webadmin/Index.action' not found.
[2022-02-21 08:08:42] ERROR `/webadmin/Index.action' not found.
[2022-02-21 10:32:27] ERROR `/.env' not found.
[2022-02-21 10:32:29] ERROR unsupported method `POST'.
[2022-02-21 21:14:01] ERROR `/robots.txt' not found.
[2022-02-21 21:14:02] ERROR `/sitemap.xml' not found.
[2022-02-22 13:12:22] ERROR `/web_shell_cmd.gch' not found.
[2022-02-22 13:12:23] ERROR `/web_shell_cmd.gch' not found.
[2022-02-22 13:12:23] ERROR `/web_shell_cmd.gch' not found.
[2022-02-23 06:07:34] ERROR `/robots.txt' not found.
[2022-02-23 13:20:10] ERROR `/favicon.ico' not found.
[2022-02-23 13:24:48] ERROR `/cgi-bin/mainfunction.cgi' not found.
[2022-02-23 13:47:04] ERROR `/cgi-bin/mainfunction.cgi' not found.
[2022-02-24 12:04:26] ERROR `/.env' not found.
[2022-02-24 15:36:40] ERROR `/.env' not found.
[2022-02-25 02:35:40] ERROR `/.git/HEAD' not found.
[2022-02-25 03:37:06] ERROR `/remote/fgt_lang' not found.
[2022-02-25 18:46:10] ERROR `/system_api.php' not found.
[2022-02-25 18:46:12] ERROR `/c/version.js' not found.
[2022-02-25 18:46:14] ERROR `/streaming/clients_live.php' not found.
[2022-02-25 18:46:16] ERROR `/stalker_portal/c/version.js' not found.
[2022-02-25 18:46:18] ERROR `/stream/live.php' not found.
[2022-02-25 18:46:19] ERROR `/flu/403.html' not found.
[2022-02-26 15:02:35] ERROR `/.env' not found.
[2022-02-26 15:02:36] ERROR unsupported method `POST'.
[2022-02-27 09:43:16] ERROR `/.git/config' not found.
[2022-02-27 09:43:17] ERROR `/.git/config' not found.
[2022-02-27 15:28:41] ERROR `/.git/config' not found.
[2022-02-27 15:28:41] ERROR `/.git/config' not found.
[2022-02-27 16:48:43] ERROR `/spog/welcome' not found.
[2022-02-27 16:48:44] ERROR `/cgi-bin/welcome' not found.
[2022-02-28 13:09:28] ERROR `/robots.txt' not found.
[2022-03-01 12:16:49] ERROR `/epa/scripts/win/nsepa_setup.exe' not found.
[2022-03-01 13:11:23] ERROR `/robots.txt' not found.
[2022-03-01 13:11:23] ERROR `/sitemap.xml' not found.
[2022-03-01 13:13:10] ERROR `/owa/auth/logon.aspx' not found.
[2022-03-01 18:50:59] ERROR `/robots.txt' not found.
Configuration file: /home/titan/git/resume-template/_config.yml
            Source: /home/titan/git/resume-template
       Destination: /home/titan/git/resume-template/_site
 Incremental build: disabled. Enable with --incremental
      Generating... 
/home/titan/git/resume-template/_vendor/bundle/ruby/2.7.0/gems/jekyll-3.8.5/lib/jekyll/convertible.rb:41: warning: Using the last argument as keyword parameters is deprecated
/home/titan/git/resume-template/_vendor/bundle/ruby/2.7.0/gems/jekyll-3.8.5/lib/jekyll/convertible.rb:41: warning: Using the last argument as keyword parameters is deprecated
/home/titan/git/resume-template/_vendor/bundle/ruby/2.7.0/gems/jekyll-3.8.5/lib/jekyll/convertible.rb:41: warning: Using the last argument as keyword parameters is deprecated
/home/titan/git/resume-template/_vendor/bundle/ruby/2.7.0/gems/jekyll-3.8.5/lib/jekyll/tags/include.rb:194: warning: Using the last argument as keyword parameters is deprecated
/home/titan/git/resume-template/_vendor/bundle/ruby/2.7.0/gems/jekyll-3.8.5/lib/jekyll/tags/include.rb:194: warning: Using the last argument as keyword parameters is deprecated
/home/titan/git/resume-template/_vendor/bundle/ruby/2.7.0/gems/jekyll-3.8.5/lib/jekyll/tags/include.rb:194: warning: Using the last argument as keyword parameters is deprecated
/home/titan/git/resume-template/_vendor/bundle/ruby/2.7.0/gems/jekyll-3.8.5/lib/jekyll/tags/include.rb:194: warning: Using the last argument as keyword parameters is deprecated
/home/titan/git/resume-template/_vendor/bundle/ruby/2.7.0/gems/jekyll-3.8.5/lib/jekyll/tags/include.rb:194: warning: Using the last argument as keyword parameters is deprecated
/home/titan/git/resume-template/_vendor/bundle/ruby/2.7.0/gems/jekyll-3.8.5/lib/jekyll/tags/include.rb:194: warning: Using the last argument as keyword parameters is deprecated
                    done in 0.058 seconds.
/home/titan/git/resume-template/_vendor/bundle/ruby/2.7.0/gems/pathutil-0.16.2/lib/pathutil.rb:502: warning: Using the last argument as keyword parameters is deprecated
 Auto-regeneration: enabled for '/home/titan/git/resume-template'
LiveReload address: http://127.0.0.1:35729
    Server address: http://127.0.0.1:4000
  Server running... press ctrl-c to stop.
Configuration file: /home/titan/git/resume-template/_config.yml
            Source: /home/titan/git/resume-template
       Destination: /home/titan/git/resume-template/_site
 Incremental build: disabled. Enable with --incremental
      Generating... 
/home/titan/git/resume-template/_vendor/bundle/ruby/2.7.0/gems/jekyll-3.8.5/lib/jekyll/convertible.rb:41: warning: Using the last argument as keyword parameters is deprecated
/home/titan/git/resume-template/_vendor/bundle/ruby/2.7.0/gems/jekyll-3.8.5/lib/jekyll/convertible.rb:41: warning: Using the last argument as keyword parameters is deprecated
/home/titan/git/resume-template/_vendor/bundle/ruby/2.7.0/gems/jekyll-3.8.5/lib/jekyll/convertible.rb:41: warning: Using the last argument as keyword parameters is deprecated
/home/titan/git/resume-template/_vendor/bundle/ruby/2.7.0/gems/jekyll-3.8.5/lib/jekyll/tags/include.rb:194: warning: Using the last argument as keyword parameters is deprecated
/home/titan/git/resume-template/_vendor/bundle/ruby/2.7.0/gems/jekyll-3.8.5/lib/jekyll/tags/include.rb:194: warning: Using the last argument as keyword parameters is deprecated
/home/titan/git/resume-template/_vendor/bundle/ruby/2.7.0/gems/jekyll-3.8.5/lib/jekyll/tags/include.rb:194: warning: Using the last argument as keyword parameters is deprecated
/home/titan/git/resume-template/_vendor/bundle/ruby/2.7.0/gems/jekyll-3.8.5/lib/jekyll/tags/include.rb:194: warning: Using the last argument as keyword parameters is deprecated
/home/titan/git/resume-template/_vendor/bundle/ruby/2.7.0/gems/jekyll-3.8.5/lib/jekyll/tags/include.rb:194: warning: Using the last argument as keyword parameters is deprecated
/home/titan/git/resume-template/_vendor/bundle/ruby/2.7.0/gems/jekyll-3.8.5/lib/jekyll/tags/include.rb:194: warning: Using the last argument as keyword parameters is deprecated
                    done in 0.041 seconds.
/home/titan/git/resume-template/_vendor/bundle/ruby/2.7.0/gems/pathutil-0.16.2/lib/pathutil.rb:502: warning: Using the last argument as keyword parameters is deprecated
 Auto-regeneration: enabled for '/home/titan/git/resume-template'
LiveReload address: http://127.0.0.1:35729
    Server address: http://127.0.0.1:4000
  Server running... press ctrl-c to stop.
[2022-03-02 15:28:40] ERROR `/FD873AC4-CF86-4FED-84EC-4BD59C6F17A7' not found.
Configuration file: /home/titan/git/resume-template/_config.yml
            Source: /home/titan/git/resume-template
       Destination: /home/titan/git/resume-template/_site
 Incremental build: disabled. Enable with --incremental
      Generating... 
/home/titan/git/resume-template/_vendor/bundle/ruby/2.7.0/gems/jekyll-3.8.5/lib/jekyll/convertible.rb:41: warning: Using the last argument as keyword parameters is deprecated
/home/titan/git/resume-template/_vendor/bundle/ruby/2.7.0/gems/jekyll-3.8.5/lib/jekyll/convertible.rb:41: warning: Using the last argument as keyword parameters is deprecated
/home/titan/git/resume-template/_vendor/bundle/ruby/2.7.0/gems/jekyll-3.8.5/lib/jekyll/convertible.rb:41: warning: Using the last argument as keyword parameters is deprecated
/home/titan/git/resume-template/_vendor/bundle/ruby/2.7.0/gems/jekyll-3.8.5/lib/jekyll/tags/include.rb:194: warning: Using the last argument as keyword parameters is deprecated
/home/titan/git/resume-template/_vendor/bundle/ruby/2.7.0/gems/jekyll-3.8.5/lib/jekyll/tags/include.rb:194: warning: Using the last argument as keyword parameters is deprecated
/home/titan/git/resume-template/_vendor/bundle/ruby/2.7.0/gems/jekyll-3.8.5/lib/jekyll/tags/include.rb:194: warning: Using the last argument as keyword parameters is deprecated
/home/titan/git/resume-template/_vendor/bundle/ruby/2.7.0/gems/jekyll-3.8.5/lib/jekyll/tags/include.rb:194: warning: Using the last argument as keyword parameters is deprecated
/home/titan/git/resume-template/_vendor/bundle/ruby/2.7.0/gems/jekyll-3.8.5/lib/jekyll/tags/include.rb:194: warning: Using the last argument as keyword parameters is deprecated
/home/titan/git/resume-template/_vendor/bundle/ruby/2.7.0/gems/jekyll-3.8.5/lib/jekyll/tags/include.rb:194: warning: Using the last argument as keyword parameters is deprecated
                    done in 0.056 seconds.
/home/titan/git/resume-template/_vendor/bundle/ruby/2.7.0/gems/pathutil-0.16.2/lib/pathutil.rb:502: warning: Using the last argument as keyword parameters is deprecated
 Auto-regeneration: enabled for '/home/titan/git/resume-template'
LiveReload address: http://127.0.0.1:35729
    Server address: http://127.0.0.1:4000
  Server running... press ctrl-c to stop.
[2022-03-03 00:38:30] ERROR `/robots.txt' not found.
[2022-03-04 03:01:54] ERROR `/remote/fgt_lang' not found.
[2022-03-04 06:02:29] ERROR `/remote/fgt_lang' not found.
[2022-03-05 05:56:16] ERROR `/node/1' not found.
[2022-03-05 05:56:17] ERROR `/users/sign_in' not found.
[2022-03-05 06:02:35] ERROR `/user/register' not found.
[2022-03-05 13:51:59] ERROR `/_ignition/execute-solution' not found.
[2022-03-05 13:51:59] ERROR `/_ignition/execute-solution' not found.
[2022-03-05 13:52:00] ERROR `/_ignition/execute-solution' not found.
[2022-03-05 13:52:01] ERROR `/_ignition/execute-solution' not found.
[2022-03-05 13:52:02] ERROR `/_ignition/execute-solution' not found.
[2022-03-05 13:52:02] ERROR `/_ignition/execute-solution' not found.
[2022-03-05 14:12:15] ERROR `/vendor/phpunit/phpunit/src/Util/PHP/eval-stdin.php' not found.
[2022-03-05 14:12:16] ERROR `/yii/vendor/phpunit/phpunit/src/Util/PHP/eval-stdin.php' not found.
[2022-03-05 14:12:16] ERROR `/laravel/vendor/phpunit/phpunit/src/Util/PHP/eval-stdin.php' not found.
[2022-03-05 14:12:17] ERROR `/laravel52/vendor/phpunit/phpunit/src/Util/PHP/eval-stdin.php' not found.
[2022-03-05 14:12:18] ERROR `/lib/vendor/phpunit/phpunit/src/Util/PHP/eval-stdin.php' not found.
[2022-03-05 14:12:19] ERROR `/zend/vendor/phpunit/phpunit/src/Util/PHP/eval-stdin.php' not found.
[2022-03-05 17:56:31] ERROR `/admin/elfinder/elfinder-cke.html' not found.
[2022-03-05 17:56:32] ERROR `/assets/backend/elfinder/elfinder-cke.html' not found.
[2022-03-05 17:56:32] ERROR `/assets/elFinder-2.1.9/elfinder.html' not found.
[2022-03-05 17:56:33] ERROR `/assets/elFinder/elfinder.html' not found.
[2022-03-05 17:56:34] ERROR `/backend/elfinder/elfinder-cke.html' not found.
[2022-03-05 17:56:35] ERROR `/elfinder/elfinder-cke.html' not found.
[2022-03-05 17:56:35] ERROR `/uploads/assets/backend/elfinder/elfinder-cke.html' not found.
[2022-03-05 17:56:36] ERROR `/uploads/assets/backend/elfinder/elfinder.html' not found.
[2022-03-05 17:56:37] ERROR `/uploads/elfinder/elfinder-cke.html' not found.
[2022-03-06 03:51:02] ERROR `/.env' not found.
[2022-03-08 22:40:32] ERROR `/favicon.ico' not found.
[2022-03-09 22:57:06] ERROR `/spog/welcome' not found.
[2022-03-09 22:57:07] ERROR `/cgi-bin/welcome' not found.
[2022-03-10 10:05:11] ERROR `/robots.txt' not found.
[2022-03-10 14:22:54] ERROR `/wp-admin/setup-config.php' not found.
[2022-03-11 12:00:38] ERROR `/favicon.ico' not found.
[2022-03-12 09:29:40] ERROR `/.env' not found.
[2022-03-12 09:29:41] ERROR `/.env.dev.local' not found.
[2022-03-12 09:29:42] ERROR `/.env.development.local' not found.
[2022-03-12 09:29:43] ERROR `/.env.prod.local' not found.
[2022-03-12 09:29:43] ERROR `/.env.production.local' not found.
[2022-03-12 09:29:44] ERROR `/.env.local' not found.
[2022-03-12 09:29:45] ERROR `/.env.example' not found.
[2022-03-12 09:29:46] ERROR `/.env.stage' not found.
[2022-03-12 09:29:46] ERROR `/.env.live' not found.
[2022-03-12 09:29:47] ERROR `/.env.backup' not found.
[2022-03-12 09:29:48] ERROR `/.env.save' not found.
[2022-03-12 09:29:49] ERROR `/.env.old' not found.
[2022-03-12 09:29:49] ERROR `/.env_1' not found.
[2022-03-12 09:29:50] ERROR `/.env_sample' not found.
[2022-03-12 09:29:51] ERROR `/api/.env' not found.
[2022-03-12 14:51:15] ERROR `/web_shell_cmd.gch' not found.
[2022-03-12 14:51:15] ERROR `/web_shell_cmd.gch' not found.
[2022-03-12 14:51:16] ERROR `/web_shell_cmd.gch' not found.
[2022-03-12 14:51:17] ERROR `/web_shell_cmd.gch' not found.
[2022-03-12 14:51:18] ERROR `/web_shell_cmd.gch' not found.
[2022-03-12 22:02:25] ERROR bad URI `/?match=%plagihedral%'.
[2022-03-13 02:31:05] ERROR `/robots.txt' not found.
[2022-03-13 03:58:24] ERROR `/dns-query' not found.
[2022-03-13 03:58:25] ERROR `/dns-query' not found.
[2022-03-13 09:15:06] ERROR `/sftp-config.json' not found.
[2022-03-13 09:15:07] ERROR `/ftpsync.settings' not found.
[2022-03-13 21:46:30] ERROR `/robots.txt' not found.
[2022-03-13 23:51:53] ERROR `/.bash_history' not found.
[2022-03-13 23:51:54] ERROR `/.ksh_history' not found.
[2022-03-13 23:51:54] ERROR `/.sh_history' not found.
[2022-03-13 23:51:55] ERROR `/.zsh_history' not found.
[2022-03-15 09:19:02] ERROR `/radio.php' not found.
[2022-03-15 12:40:17] ERROR `/_ignition/execute-solution' not found.
[2022-03-15 12:40:18] ERROR `/script' not found.
[2022-03-15 12:40:18] ERROR `/login' not found.
[2022-03-15 12:40:18] ERROR `/jenkins/login' not found.
[2022-03-15 12:40:18] ERROR `/manager/html' not found.
[2022-03-15 12:40:18] ERROR `/wp-login.php' not found.
[2022-03-15 12:40:19] ERROR `/users/sign_in' not found.
[2022-03-16 02:18:18] ERROR `/sftp-config.json' not found.
[2022-03-16 21:28:14] ERROR `/favicon.ico' not found.
[2022-03-16 23:13:53] ERROR `/robots.txt' not found.
[2022-03-17 18:48:56] ERROR `/2index.php' not found.
[2022-03-17 18:48:56] ERROR `/admin.php' not found.
[2022-03-17 18:48:56] ERROR `/3index.php' not found.
[2022-03-17 18:48:56] ERROR `/wikindex.php' not found.
[2022-03-17 18:48:56] ERROR `/class-wp-widget-archives.php' not found.
[2022-03-17 18:48:56] ERROR `/1index.php' not found.
[2022-03-18 04:01:23] ERROR `/favicon.ico' not found.
[2022-03-18 22:29:15] ERROR `/.ftpconfig' not found.
[2022-03-19 00:28:58] ERROR `/var/run/secrets/eks.amazonaws.com/serviceaccount/' not found.
[2022-03-19 00:28:58] ERROR `/var/run/secrets/eks.amazonaws.com/serviceaccount/token' not found.
[2022-03-19 00:28:58] ERROR `/host/var/log/aws-routed-eni/ipamd.log' not found.
[2022-03-19 04:11:17] ERROR `/favicon.ico' not found.
[2022-03-19 04:40:11] ERROR `/.env' not found.
[2022-03-19 04:40:12] ERROR unsupported method `POST'.
[2022-03-19 04:57:58] ERROR `/.env' not found.
[2022-03-19 04:58:07] ERROR `/.env' not found.
[2022-03-19 07:51:13] ERROR `/manager/actuator/env' not found.
[2022-03-20 12:18:21] ERROR `/robots.txt' not found.
[2022-03-20 12:18:31] ERROR `/sitemap.xml' not found.
[2022-03-20 12:18:33] ERROR `/.well-known/security.txt' not found.
[2022-03-21 06:36:11] ERROR `/.git/HEAD' not found.
[2022-03-22 05:25:20] ERROR `/robots.txt' not found.
[2022-03-22 14:46:05] ERROR `/GponForm/diag_Form' not found.
[2022-03-23 14:34:46] ERROR `/robots.txt' not found.
[2022-03-23 15:36:17] ERROR `/favicon.ico' not found.
[2022-03-24 06:57:59] ERROR `/remote/fgt_lang' not found.
[2022-03-24 10:08:08] ERROR `/.git/config' not found.
[2022-03-24 23:32:30] ERROR `/system_api.php' not found.
[2022-03-24 23:32:32] ERROR `/c/version.js' not found.
[2022-03-24 23:32:34] ERROR `/streaming/clients_live.php' not found.
[2022-03-24 23:32:36] ERROR `/stalker_portal/c/version.js' not found.
[2022-03-24 23:32:38] ERROR `/stream/live.php' not found.
[2022-03-24 23:32:40] ERROR `/flu/403.html' not found.
[2022-03-25 04:47:03] ERROR `/commit.php' not found.
[2022-03-26 05:53:10] ERROR `/.env' not found.
[2022-03-26 18:54:06] ERROR `/.env' not found.
[2022-03-26 18:54:08] ERROR unsupported method `POST'.
[2022-03-27 11:34:30] ERROR `/_ignition/execute-solution' not found.
[2022-03-27 11:34:33] ERROR `/script' not found.
[2022-03-27 11:34:34] ERROR `/login' not found.
[2022-03-27 11:34:34] ERROR `/jenkins/login' not found.
[2022-03-27 11:34:35] ERROR `/manager/html' not found.
[2022-03-27 11:34:35] ERROR `/wp-login.php' not found.
[2022-03-27 11:34:36] ERROR `/users/sign_in' not found.
[2022-03-27 20:45:22] ERROR `/commit.php' not found.
[2022-03-28 09:40:03] ERROR `/upload.php' not found.
[2022-03-28 10:54:07] ERROR `/sh3llx.php' not found.
[2022-03-28 10:54:07] ERROR `/xlet.php' not found.
[2022-03-28 10:54:07] ERROR `/jindex.php' not found.
[2022-03-28 10:54:07] ERROR `/xleet-shell.php' not found.
[2022-03-28 10:54:07] ERROR `/xleet.php' not found.
[2022-03-28 10:54:08] ERROR `/takeout.php' not found.
[2022-03-28 10:54:08] ERROR `/admin.php' not found.
[2022-03-28 14:03:14] ERROR `/robots.txt' not found.
[2022-03-29 06:55:07] ERROR bad URI `/?select=%viticulturists%'.
[2022-03-29 14:05:11] ERROR `/robots.txt' not found.
[2022-03-30 05:58:30] ERROR `/robots.txt' not found.
[2022-03-30 07:00:54] ERROR `/favicon.ico' not found.
[2022-03-30 13:08:03] ERROR `/.git/config' not found.
[2022-03-31 08:10:56] ERROR `/system_api.php' not found.
[2022-03-31 08:10:56] ERROR `/c/version.js' not found.
[2022-03-31 08:10:57] ERROR `/streaming/clients_live.php' not found.
[2022-03-31 08:10:58] ERROR `/stalker_portal/c/version.js' not found.
[2022-03-31 08:10:59] ERROR `/stream/live.php' not found.
[2022-03-31 08:11:00] ERROR `/flu/403.html' not found.
[2022-03-31 23:31:22] ERROR `/pull.sh' not found.
[2022-04-01 05:05:50] ERROR `/services/stickers.php' not found.
[2022-04-01 08:27:48] ERROR `/apple-touch-icon-precomposed.png' not found.
[2022-04-01 08:27:48] ERROR `/favicon.ico' not found.
[2022-04-01 08:27:48] ERROR `/apple-touch-icon.png' not found.
[2022-04-01 20:43:14] ERROR `/owa/auth/logon.aspx' not found.
[2022-04-02 06:33:23] ERROR `/epa/scripts/win/nsepa_setup.exe' not found.
[2022-04-02 18:35:55] ERROR `/robots.txt' not found.
[2022-04-03 06:34:06] ERROR `/wp-login.php' not found.
[2022-04-03 06:34:10] ERROR `/wordpress/wp-login.php' not found.
[2022-04-03 06:34:12] ERROR `/blog/wp-login.php' not found.
[2022-04-03 06:34:13] ERROR `/wp/wp-login.php' not found.
[2022-04-03 17:04:12] ERROR `/robots.txt' not found.
[2022-04-03 17:04:12] ERROR `/sitemap.xml' not found.
[2022-04-04 09:30:51] ERROR `/.env' not found.
[2022-04-04 09:30:52] ERROR unsupported method `POST'.
[2022-04-05 03:13:11] ERROR `/robots.txt' not found.
[2022-04-06 05:07:14] ERROR `/robots.txt' not found.
[2022-04-06 12:09:46] ERROR `/favicon.ico' not found.
[2022-04-07 09:16:38] ERROR `/.git/config' not found.
[2022-04-07 15:15:28] ERROR `/robots.txt' not found.
[2022-04-08 07:00:25] ERROR `/login' not found.
[2022-04-08 15:12:10] ERROR `/robots.txt' not found.
[2022-04-08 16:41:18] ERROR `/GponForm/diag_Form' not found.
[2022-04-09 10:48:18] ERROR `/GponForm/diag_Form' not found.
[2022-04-09 22:35:53] ERROR `/robots.txt' not found.
[2022-04-11 02:44:57] ERROR `/GponForm/diag_Form' not found.
[2022-04-12 08:46:53] ERROR `/robots.txt' not found.
[2022-04-12 19:57:00] ERROR `/.env' not found.
[2022-04-12 19:57:01] ERROR unsupported method `POST'.
[2022-04-13 09:30:29] ERROR `/.env' not found.
[2022-04-13 09:30:30] ERROR unsupported method `POST'.
[2022-04-13 14:28:40] ERROR `/favicon.ico' not found.
[2022-04-13 17:30:22] ERROR `/functionRouter' not found.
[2022-04-13 17:45:56] ERROR `/robots.txt' not found.
[2022-04-13 17:46:01] ERROR `/sitemap.xml' not found.
[2022-04-13 19:02:51] ERROR unsupported method `POST'.
[2022-04-13 19:02:51] ERROR unsupported method `POST'.
[2022-04-13 19:02:51] ERROR `/functionRouter' not found.
[2022-04-13 23:50:31] ERROR `/robots.txt' not found.
[2022-04-14 02:06:18] ERROR `/.git/config' not found.
[2022-04-14 08:45:01] ERROR `/qzryffio' not found.
[2022-04-14 08:45:02] ERROR `/CHANGELOG.txt' not found.
[2022-04-14 08:45:03] ERROR `/README.txt' not found.
[2022-04-14 08:45:04] ERROR `/readme.html' not found.
[2022-04-14 08:45:04] ERROR `/feed' not found.
[2022-04-14 08:45:05] ERROR `/readme.html' not found.
[2022-04-14 08:45:06] ERROR `/license.txt' not found.
[2022-04-14 08:45:07] ERROR `/actuator' not found.
[2022-04-14 13:22:55] ERROR `/robots.txt' not found.
[2022-04-14 15:37:05] ERROR `/robots.txt' not found.
[2022-04-14 17:13:28] ERROR `/system_api.php' not found.
[2022-04-14 17:13:29] ERROR `/c/version.js' not found.
[2022-04-14 17:13:30] ERROR `/streaming/clients_live.php' not found.
[2022-04-14 17:13:30] ERROR `/stalker_portal/c/version.js' not found.
[2022-04-14 17:13:31] ERROR `/stream/live.php' not found.
[2022-04-14 17:13:32] ERROR `/flu/403.html' not found.
[2022-04-14 18:26:19] ERROR `/SAAS/auth/login' not found.
[2022-04-16 07:54:37] ERROR `/.git/config' not found.
[2022-04-16 21:17:31] ERROR `/robots.txt' not found.
[2022-04-17 12:38:06] ERROR `/.env' not found.
[2022-04-17 12:38:07] ERROR unsupported method `POST'.
[2022-04-18 13:17:00] ERROR `/.git/config' not found.
[2022-04-18 15:08:46] ERROR unsupported method `POST'.
[2022-04-18 15:08:46] ERROR unsupported method `POST'.
[2022-04-18 15:08:46] ERROR `/functionRouter' not found.
[2022-04-18 16:01:01] ERROR unsupported method `POST'.
[2022-04-18 16:01:01] ERROR unsupported method `POST'.
[2022-04-18 16:01:01] ERROR `/functionRouter' not found.
[2022-04-19 04:19:00] ERROR `/robots.txt' not found.
[2022-04-19 19:41:37] ERROR `/robots.txt' not found.
[2022-04-19 21:16:24] ERROR `/_ignition/execute-solution' not found.
[2022-04-20 15:13:58] ERROR `/.git/config' not found.
[2022-04-20 15:13:58] ERROR `/config' not found.
[2022-04-20 15:13:59] ERROR `/git/.git/config' not found.
[2022-04-20 15:13:59] ERROR `/git/config' not found.
[2022-04-20 15:13:59] ERROR `/src/.git/config' not found.
[2022-04-20 15:13:59] ERROR `/src/config' not found.
[2022-04-20 15:14:00] ERROR `/source/.git/config' not found.
[2022-04-20 15:14:00] ERROR `/source/config' not found.
[2022-04-20 15:14:00] ERROR `/sources/.git/config' not found.
[2022-04-20 15:14:01] ERROR `/sources/config' not found.
[2022-04-20 15:14:01] ERROR `/admin/.git/config' not found.
[2022-04-20 15:14:01] ERROR `/admin/config' not found.
[2022-04-20 15:14:01] ERROR `/api/.git/config' not found.
[2022-04-20 15:14:02] ERROR `/api/config' not found.
[2022-04-20 15:14:02] ERROR `/rest/.git/config' not found.
[2022-04-20 15:14:02] ERROR `/rest/config' not found.
[2022-04-20 15:14:03] ERROR `/backend/.git/config' not found.
[2022-04-20 15:14:03] ERROR `/backend/config' not found.
[2022-04-20 15:14:03] ERROR `/svc/.git/config' not found.
[2022-04-20 15:14:04] ERROR `/svc/config' not found.
[2022-04-20 15:14:04] ERROR `/service/.git/config' not found.
[2022-04-20 15:14:04] ERROR `/service/config' not found.
[2022-04-20 15:14:04] ERROR `/services/.git/config' not found.
[2022-04-20 15:14:05] ERROR `/services/config' not found.
[2022-04-20 15:14:05] ERROR `/app/.git/config' not found.
[2022-04-20 15:14:05] ERROR `/app/config' not found.
[2022-04-20 15:14:06] ERROR `/data/.git/config' not found.
[2022-04-20 15:14:06] ERROR `/data/config' not found.
[2022-04-20 15:14:06] ERROR `/bak/.git/config' not found.
[2022-04-20 15:14:07] ERROR `/bak/config' not found.
[2022-04-20 15:14:07] ERROR `/backup/.git/config' not found.
[2022-04-20 15:14:07] ERROR `/backup/config' not found.
[2022-04-20 15:14:07] ERROR `/git/' not found.
[2022-04-20 15:14:07] ERROR `/test/.git/config' not found.
[2022-04-20 15:14:08] ERROR `/git' not found.
[2022-04-20 15:14:08] ERROR `/test/config' not found.
[2022-04-20 15:14:08] ERROR `/src/' not found.
[2022-04-20 15:14:08] ERROR `/temp/.git/config' not found.
[2022-04-20 15:14:08] ERROR `/src' not found.
[2022-04-20 15:14:08] ERROR `/temp/config' not found.
[2022-04-20 15:14:08] ERROR `/source/' not found.
[2022-04-20 15:14:09] ERROR `/tmp/.git/config' not found.
[2022-04-20 15:14:09] ERROR `/source' not found.
[2022-04-20 15:14:09] ERROR `/tmp/config' not found.
[2022-04-20 15:14:09] ERROR `/sources/' not found.
[2022-04-20 15:14:09] ERROR `/lib/.git/config' not found.
[2022-04-20 15:14:09] ERROR `/sources' not found.
[2022-04-20 15:14:09] ERROR `/lib/config' not found.
[2022-04-20 15:14:10] ERROR `/admin/' not found.
[2022-04-20 15:14:10] ERROR `/libs/.git/config' not found.
[2022-04-20 15:14:10] ERROR `/admin' not found.
[2022-04-20 15:14:10] ERROR `/libs/config' not found.
[2022-04-20 15:14:10] ERROR `/api/' not found.
[2022-04-20 15:14:10] ERROR `/cfg/.git/config' not found.
[2022-04-20 15:14:10] ERROR `/api' not found.
[2022-04-20 15:14:11] ERROR `/cfg/config' not found.
[2022-04-20 15:14:11] ERROR `/rest/' not found.
[2022-04-20 15:14:11] ERROR `/conf/.git/config' not found.
[2022-04-20 15:14:11] ERROR `/rest' not found.
[2022-04-20 15:14:11] ERROR `/conf/config' not found.
[2022-04-20 15:14:11] ERROR `/backend/' not found.
[2022-04-20 15:14:12] ERROR `/config/.git/config' not found.
[2022-04-20 15:14:12] ERROR `/backend' not found.
[2022-04-20 15:14:12] ERROR `/config/config' not found.
[2022-04-20 15:14:12] ERROR `/svc/' not found.
[2022-04-20 15:14:12] ERROR `/inc/.git/config' not found.
[2022-04-20 15:14:12] ERROR `/svc' not found.
[2022-04-20 15:14:12] ERROR `/inc/config' not found.
[2022-04-20 15:14:12] ERROR `/service/' not found.
[2022-04-20 15:14:13] ERROR `/include/.git/config' not found.
[2022-04-20 15:14:13] ERROR `/service' not found.
[2022-04-20 15:14:13] ERROR `/include/config' not found.
[2022-04-20 15:14:13] ERROR `/services/' not found.
[2022-04-20 15:14:13] ERROR `/includes/.git/config' not found.
[2022-04-20 15:14:13] ERROR `/services' not found.
[2022-04-20 15:14:14] ERROR `/includes/config' not found.
[2022-04-20 15:14:14] ERROR `/app/' not found.
[2022-04-20 15:14:14] ERROR `/app' not found.
[2022-04-20 15:14:14] ERROR `/data/' not found.
[2022-04-20 15:14:15] ERROR `/data' not found.
[2022-04-20 15:14:15] ERROR `/bak/' not found.
[2022-04-20 15:14:15] ERROR `/bak' not found.
[2022-04-20 15:14:15] ERROR `/backup/' not found.
[2022-04-20 15:14:16] ERROR `/backup' not found.
[2022-04-20 15:14:16] ERROR `/test/' not found.
[2022-04-20 15:14:16] ERROR `/test' not found.
[2022-04-20 15:14:17] ERROR `/temp/' not found.
[2022-04-20 15:14:17] ERROR `/temp' not found.
[2022-04-20 15:14:17] ERROR `/tmp/' not found.
[2022-04-20 15:14:17] ERROR `/tmp' not found.
[2022-04-20 15:14:18] ERROR `/lib/' not found.
[2022-04-20 15:14:18] ERROR `/lib' not found.
[2022-04-20 15:14:18] ERROR `/libs/' not found.
[2022-04-20 15:14:19] ERROR `/libs' not found.
[2022-04-20 15:14:19] ERROR `/cfg/' not found.
[2022-04-20 15:14:19] ERROR `/cfg' not found.
[2022-04-20 15:14:19] ERROR `/conf/' not found.
[2022-04-20 15:14:20] ERROR `/conf' not found.
[2022-04-20 15:14:20] ERROR `/config/' not found.
[2022-04-20 15:14:20] ERROR `/config' not found.
[2022-04-20 15:14:21] ERROR `/inc/' not found.
[2022-04-20 15:14:21] ERROR `/inc' not found.
[2022-04-20 15:14:21] ERROR `/include/' not found.
[2022-04-20 15:14:21] ERROR `/include' not found.
[2022-04-20 15:14:22] ERROR `/includes/' not found.
[2022-04-20 15:14:22] ERROR `/includes' not found.
[2022-04-20 15:14:22] ERROR `/upload/' not found.
[2022-04-20 15:14:23] ERROR `/upload' not found.
[2022-04-20 15:14:23] ERROR `/uploads/' not found.
[2022-04-20 15:14:23] ERROR `/uploads' not found.
[2022-04-20 15:14:24] ERROR `/download/' not found.
[2022-04-20 15:14:24] ERROR `/download' not found.
[2022-04-20 15:14:24] ERROR `/downloads/' not found.
[2022-04-20 15:14:24] ERROR `/downloads' not found.
[2022-04-20 15:14:25] ERROR `/files/' not found.
[2022-04-20 15:14:25] ERROR `/files' not found.
[2022-04-20 15:14:25] ERROR `/log/' not found.
[2022-04-20 15:14:26] ERROR `/log' not found.
[2022-04-20 15:14:26] ERROR `/logs/' not found.
[2022-04-20 15:14:26] ERROR `/logs' not found.
[2022-04-20 15:14:26] ERROR `/cron/' not found.
[2022-04-20 15:14:27] ERROR `/cron' not found.
[2022-04-20 15:14:27] ERROR `/wallet/' not found.
[2022-04-20 15:14:27] ERROR `/wallet' not found.
[2022-04-20 15:14:28] ERROR `/wallets/' not found.
[2022-04-20 15:14:28] ERROR `/wallets' not found.
[2022-04-20 15:24:18] ERROR `/.env' not found.
[2022-04-20 15:24:19] ERROR unsupported method `POST'.
[2022-04-20 21:44:39] ERROR `/.env' not found.
[2022-04-20 21:44:39] ERROR unsupported method `POST'.
[2022-04-21 00:17:18] ERROR `/favicon.ico' not found.
[2022-04-21 12:42:57] ERROR `/robots.txt' not found.
[2022-04-22 14:30:10] ERROR `/robots.txt' not found.
[2022-04-22 16:18:05] ERROR `/.env' not found.
[2022-04-22 16:18:05] ERROR unsupported method `POST'.
[2022-04-22 22:33:19] ERROR `/style.php' not found.
[2022-04-23 01:07:28] ERROR `/.git/config' not found.
[2022-04-23 13:33:44] ERROR `/autodiscover/autodiscover.json' not found.
[2022-04-23 15:59:23] ERROR `/robots.txt' not found.
[2022-04-23 17:09:07] ERROR `/_ignition/execute-solution' not found.
[2022-04-23 17:09:08] ERROR `/script' not found.
[2022-04-23 17:09:08] ERROR `/login' not found.
[2022-04-23 17:09:09] ERROR `/jenkins/login' not found.
[2022-04-23 17:09:10] ERROR `/manager/html' not found.
[2022-04-23 17:09:10] ERROR `/wp-login.php' not found.
[2022-04-23 17:09:12] ERROR `/users/sign_in' not found.
[2022-04-24 07:36:10] ERROR `/_ignition/execute-solution' not found.
[2022-04-24 20:32:50] ERROR `/robots.txt' not found.
[2022-04-24 20:32:53] ERROR `/sitemap.xml' not found.
[2022-04-25 08:28:02] ERROR `/sjlee.sql' not found.
[2022-04-25 14:55:36] ERROR `/Autodiscover/Autodiscover.xml' not found.
[2022-04-25 14:55:37] ERROR `/Autodiscover/Autodiscover.xml' not found.
[2022-04-25 14:55:38] ERROR `/jmx-console/' not found.
[2022-04-25 14:55:40] ERROR `/jmx-console/' not found.
[2022-04-25 14:55:42] ERROR `/web-console/ServerInfo.jsp' not found.
[2022-04-25 14:55:44] ERROR `/manager/html' not found.
[2022-04-25 14:55:46] ERROR `/pma/' not found.
[2022-04-25 14:55:48] ERROR `/phpmyadmin/' not found.
[2022-04-25 14:55:50] ERROR `/phpMyAdmin/' not found.
[2022-04-25 14:56:05] ERROR `/Autodiscover/Autodiscover.xml' not found.
[2022-04-25 14:56:08] ERROR `/jmx-console/' not found.
[2022-04-25 14:56:10] ERROR `/web-console/ServerInfo.jsp' not found.
[2022-04-25 14:56:12] ERROR `/manager/html' not found.
[2022-04-25 14:56:14] ERROR `/pma/' not found.
[2022-04-25 14:56:16] ERROR `/phpMyAdmin/' not found.
[2022-04-25 14:56:20] ERROR `/ab2g' not found.
[2022-04-25 14:56:22] ERROR `/ab2g' not found.
[2022-04-25 19:25:38] ERROR `/kaistackr.sql' not found.
[2022-04-25 21:01:02] ERROR `/kaist.sql' not found.
[2022-04-25 21:31:09] ERROR `/robots.txt' not found.
[2022-04-26 11:16:36] ERROR `/autodiscover/autodiscover.json' not found.
[2022-04-27 06:28:26] ERROR `/.env' not found.
[2022-04-27 06:28:31] ERROR unsupported method `POST'.
[2022-04-27 10:29:11] ERROR `/robots.txt' not found.
[2022-04-27 20:45:36] ERROR `/favicon.ico' not found.
[2022-04-27 22:30:44] ERROR `/robots.txt' not found.
[2022-04-27 23:15:57] ERROR `/.env' not found.
[2022-04-27 23:15:57] ERROR unsupported method `POST'.
[2022-04-28 10:58:08] ERROR `/.env' not found.
[2022-04-28 10:58:09] ERROR unsupported method `POST'.
[2022-04-28 12:33:04] ERROR `/system_api.php' not found.
[2022-04-28 12:33:07] ERROR `/c/version.js' not found.
[2022-04-28 12:33:09] ERROR `/streaming/clients_live.php' not found.
[2022-04-28 12:33:11] ERROR `/stalker_portal/c/version.js' not found.
[2022-04-28 12:33:14] ERROR `/stream/live.php' not found.
[2022-04-28 12:33:16] ERROR `/flu/403.html' not found.
[2022-04-28 22:08:25] ERROR `/wp-login.php' not found.
[2022-04-28 22:08:27] ERROR `/wordpress/wp-login.php' not found.
[2022-04-28 22:08:28] ERROR `/blog/wp-login.php' not found.
[2022-04-28 22:08:29] ERROR `/wp/wp-login.php' not found.
[2022-04-29 10:45:26] ERROR `/.env' not found.
[2022-04-29 10:45:27] ERROR unsupported method `POST'.
[2022-04-30 01:58:33] ERROR `/robots.txt' not found.
[2022-04-30 11:18:30] ERROR `/robots.txt' not found.
[2022-04-30 14:15:43] ERROR `/.env' not found.
[2022-04-30 14:15:45] ERROR unsupported method `POST'.
[2022-04-30 14:35:00] ERROR `/.env' not found.
[2022-04-30 14:35:02] ERROR unsupported method `POST'.
[2022-05-01 00:44:09] ERROR `/robots.txt' not found.
[2022-05-01 03:26:47] ERROR `/robots.txt' not found.
[2022-05-01 03:26:54] ERROR `/sitemap.xml' not found.
[2022-05-01 03:26:56] ERROR `/.well-known/security.txt' not found.
[2022-05-01 04:41:01] ERROR `/_ignition/execute-solution' not found.
[2022-05-01 04:41:02] ERROR `/script' not found.
[2022-05-01 04:41:03] ERROR `/login' not found.
[2022-05-01 04:41:04] ERROR `/jenkins/login' not found.
[2022-05-01 04:41:05] ERROR `/manager/html' not found.
[2022-05-01 04:41:06] ERROR `/wp-login.php' not found.
[2022-05-01 04:41:07] ERROR `/users/sign_in' not found.
[2022-05-01 04:41:08] ERROR `/actuator/env' not found.
[2022-05-01 10:55:53] ERROR `/.env' not found.
[2022-05-01 10:55:54] ERROR unsupported method `POST'.
[2022-05-01 12:50:46] ERROR `/owa/auth/logon.aspx' not found.
[2022-05-01 12:58:42] ERROR `/_ignition/execute-solution' not found.
[2022-05-01 13:49:36] ERROR `/epa/scripts/win/nsepa_setup.exe' not found.
[2022-05-01 20:27:57] ERROR `/robots.txt' not found.
[2022-05-01 23:52:50] ERROR `/.env' not found.
[2022-05-01 23:52:51] ERROR unsupported method `POST'.
[2022-05-02 01:04:46] ERROR `/.env' not found.
[2022-05-02 01:04:47] ERROR unsupported method `POST'.
[2022-05-02 03:14:23] ERROR `/.git/config' not found.
[2022-05-02 18:37:42] ERROR `/robots.txt' not found.
[2022-05-03 12:33:54] ERROR `/favicon.ico' not found.
[2022-05-04 06:38:04] ERROR `/favicon.ico' not found.
[2022-05-04 08:52:05] ERROR `/robots.txt' not found.
[2022-05-05 14:25:43] ERROR `/robots.txt' not found.
[2022-05-05 15:34:20] ERROR `/robots.txt' not found.
[2022-05-05 20:49:47] ERROR `/system_api.php' not found.
[2022-05-05 20:49:49] ERROR `/c/version.js' not found.
[2022-05-05 20:49:51] ERROR `/streaming/clients_live.php' not found.
[2022-05-05 20:49:54] ERROR `/stalker_portal/c/version.js' not found.
[2022-05-05 20:49:56] ERROR `/stream/live.php' not found.
[2022-05-05 20:49:58] ERROR `/flu/403.html' not found.
[2022-05-07 21:53:41] ERROR `/robots.txt' not found.
[2022-05-08 00:10:31] ERROR `/robots.txt' not found.
[2022-05-09 02:37:20] ERROR `/robots.txt' not found.
[2022-05-09 02:37:21] ERROR `/sitemap.xml' not found.
[2022-05-09 02:37:28] ERROR `/.well-known/security.txt' not found.
[2022-05-10 05:10:33] ERROR `/robots.txt' not found.
[2022-05-10 08:41:36] ERROR `/robots.txt' not found.
[2022-05-10 14:21:11] ERROR `/_ignition/execute-solution' not found.
[2022-05-10 14:21:13] ERROR `/script' not found.
[2022-05-10 14:21:14] ERROR `/login' not found.
[2022-05-10 14:21:15] ERROR `/jenkins/login' not found.
[2022-05-10 14:21:17] ERROR `/manager/html' not found.
[2022-05-10 14:21:18] ERROR `/wp-login.php' not found.
[2022-05-10 14:21:20] ERROR `/users/sign_in' not found.
[2022-05-10 14:21:21] ERROR `/actuator/env' not found.
[2022-05-10 18:31:35] ERROR `/robots.txt' not found.
[2022-05-11 06:09:10] ERROR `/favicon.ico' not found.
[2022-05-11 08:39:46] ERROR `/robots.txt' not found.
[2022-05-11 17:31:20] ERROR `/_ignition/execute-solution' not found.
[2022-05-11 17:31:22] ERROR `/script' not found.
[2022-05-11 17:31:22] ERROR `/login' not found.
[2022-05-11 17:31:22] ERROR `/jenkins/login' not found.
[2022-05-11 17:31:22] ERROR `/manager/html' not found.
[2022-05-11 17:31:23] ERROR `/wp-login.php' not found.
[2022-05-11 17:31:23] ERROR `/users/sign_in' not found.
[2022-05-11 17:31:23] ERROR `/actuator/env' not found.
[2022-05-12 14:36:55] ERROR `/robots.txt' not found.
[2022-05-12 16:00:39] ERROR `/system_api.php' not found.
[2022-05-12 16:00:41] ERROR `/c/version.js' not found.
[2022-05-12 16:00:42] ERROR `/streaming/clients_live.php' not found.
[2022-05-12 16:00:43] ERROR `/stalker_portal/c/version.js' not found.
[2022-05-12 16:00:45] ERROR `/stream/live.php' not found.
[2022-05-12 16:00:46] ERROR `/flu/403.html' not found.
[2022-05-12 17:09:17] ERROR `/robots.txt' not found.
[2022-05-12 17:09:18] ERROR `/sitemap.xml' not found.
[2022-05-14 08:08:12] ERROR `/style.php' not found.
[2022-05-14 20:52:03] ERROR `/robots.txt' not found.
[2022-05-15 08:32:50] ERROR `/robots.txt' not found.
[2022-05-15 09:34:41] ERROR `/wp-22.php' not found.
[2022-05-16 15:32:59] ERROR `/robots.txt' not found.
[2022-05-17 00:07:41] ERROR `/robots.txt' not found.
[2022-05-17 03:29:06] ERROR `/favicon.ico' not found.
[2022-05-17 13:57:45] ERROR `/robots.txt' not found.
